<?xml version="1.0" encoding="UTF-8"?>
<!-- Generated by org.testng.reporters.JUnitXMLReporter -->
<testsuite ignored="0" hostname="DESKTOP-SMAMQC8" failures="0" tests="5" name="Default test" time="66.66" errors="0" timestamp="2023-10-20T14:28:55 IST">
  <testcase classname="SleniumMavenJnekinsProject.SleniumMavenJnekinsProject.AppTest" name="login" time="5.675"/>
  <testcase classname="SleniumMavenJnekinsProject.SleniumMavenJnekinsProject.AppTest" name="testcase1" time="0.036"/>
  <testcase classname="SleniumMavenJnekinsProject.SleniumMavenJnekinsProject.AppTest" name="testcase2" time="0.076"/>
  <testcase classname="SleniumMavenJnekinsProject.SleniumMavenJnekinsProject.AppTest" name="testcase3" time="0.91"/>
  <testcase classname="SleniumMavenJnekinsProject.SleniumMavenJnekinsProject.AppTest" name="testcase4" time="0.028"/>
</testsuite> <!-- Default test -->
