<?xml version="1.0" encoding="UTF-8"?>
<!-- Generated by org.testng.reporters.JUnitXMLReporter -->
<testsuite ignored="0" hostname="DESKTOP-SMAMQC8" failures="0" tests="5" name="Test" time="7.374" errors="0" timestamp="2023-10-20T15:37:28 IST">
  <testcase classname="com.test.SampleTest" name="login" time="4.99"/>
  <testcase classname="com.test.SampleTest" name="testcase1" time="0.146"/>
  <testcase classname="com.test.SampleTest" name="testcase2" time="0.072"/>
  <testcase classname="com.test.SampleTest" name="testcase3" time="2.048"/>
  <testcase classname="com.test.SampleTest" name="testcase4" time="0.022"/>
</testsuite> <!-- Test -->
