<?xml version="1.0" encoding="UTF-8"?>
<!-- Generated by org.testng.reporters.JUnitXMLReporter -->
<testsuite ignored="0" hostname="DESKTOP-SMAMQC8" failures="0" tests="5" name="Test" time="8.558" errors="0" timestamp="2023-10-20T17:58:09 IST">
  <testcase classname="com.test.SampleTest" name="login" time="6.576"/>
  <testcase classname="com.test.SampleTest" name="testcase1" time="0.084"/>
  <testcase classname="com.test.SampleTest" name="testcase2" time="0.115"/>
  <testcase classname="com.test.SampleTest" name="testcase3" time="1.266"/>
  <testcase classname="com.test.SampleTest" name="testcase4" time="0.029"/>
</testsuite> <!-- Test -->
