<?xml version="1.0" encoding="UTF-8"?>
<testng-results ignored="0" total="5" passed="5" failed="0" skipped="0">
  <reporter-output>
  </reporter-output>
  <suite started-at="2023-10-20T17:58:01 IST" name="Suite" finished-at="2023-10-20T17:58:09 IST" duration-ms="8558">
    <groups>
    </groups>
    <test started-at="2023-10-20T17:58:01 IST" name="Test" finished-at="2023-10-20T17:58:09 IST" duration-ms="8558">
      <class name="com.test.SampleTest">
        <test-method is-config="true" signature="setup()[pri:0, instance:com.test.SampleTest@50a638b5]" started-at="2023-10-20T17:57:03 IST" name="setup" finished-at="2023-10-20T17:58:01 IST" duration-ms="58168" status="PASS">
          <reporter-output>
          </reporter-output>
        </test-method> <!-- setup -->
        <test-method signature="login()[pri:0, instance:com.test.SampleTest@50a638b5]" started-at="2023-10-20T17:58:01 IST" name="login" finished-at="2023-10-20T17:58:08 IST" duration-ms="6576" status="PASS">
          <reporter-output>
          </reporter-output>
        </test-method> <!-- login -->
        <test-method signature="testcase1()[pri:1, instance:com.test.SampleTest@50a638b5]" started-at="2023-10-20T17:58:08 IST" name="testcase1" finished-at="2023-10-20T17:58:08 IST" duration-ms="84" status="PASS">
          <reporter-output>
          </reporter-output>
        </test-method> <!-- testcase1 -->
        <test-method signature="testcase2()[pri:2, instance:com.test.SampleTest@50a638b5]" started-at="2023-10-20T17:58:08 IST" name="testcase2" finished-at="2023-10-20T17:58:08 IST" duration-ms="115" status="PASS">
          <reporter-output>
          </reporter-output>
        </test-method> <!-- testcase2 -->
        <test-method signature="testcase3()[pri:3, instance:com.test.SampleTest@50a638b5]" started-at="2023-10-20T17:58:08 IST" name="testcase3" finished-at="2023-10-20T17:58:09 IST" duration-ms="1266" status="PASS">
          <reporter-output>
          </reporter-output>
        </test-method> <!-- testcase3 -->
        <test-method signature="testcase4()[pri:4, instance:com.test.SampleTest@50a638b5]" started-at="2023-10-20T17:58:09 IST" name="testcase4" finished-at="2023-10-20T17:58:09 IST" duration-ms="29" status="PASS">
          <reporter-output>
          </reporter-output>
        </test-method> <!-- testcase4 -->
        <test-method is-config="true" signature="tearup()[pri:0, instance:com.test.SampleTest@50a638b5]" started-at="2023-10-20T17:58:09 IST" name="tearup" finished-at="2023-10-20T17:58:10 IST" duration-ms="513" status="PASS">
          <reporter-output>
          </reporter-output>
        </test-method> <!-- tearup -->
      </class> <!-- com.test.SampleTest -->
    </test> <!-- Test -->
  </suite> <!-- Suite -->
</testng-results>
