<?xml version="1.0" encoding="UTF-8"?>
<testsuite name="Default test"
           tests="5"
           failures="0"
           errors="0"
           skipped="0"
           time="6.725">
    <properties></properties>



            <testcase
                name="login"
                time="5.675"
                classname="SleniumMavenJnekinsProject.SleniumMavenJnekinsProject.AppTest">
            </testcase>
            <testcase
                name="testcase2"
                time="0.076"
                classname="SleniumMavenJnekinsProject.SleniumMavenJnekinsProject.AppTest">
            </testcase>
            <testcase
                name="testcase4"
                time="0.028"
                classname="SleniumMavenJnekinsProject.SleniumMavenJnekinsProject.AppTest">
            </testcase>
            <testcase
                name="testcase1"
                time="0.036"
                classname="SleniumMavenJnekinsProject.SleniumMavenJnekinsProject.AppTest">
            </testcase>
            <testcase
                name="testcase3"
                time="0.910"
                classname="SleniumMavenJnekinsProject.SleniumMavenJnekinsProject.AppTest">
            </testcase>
</testsuite>
