<?xml version="1.0" encoding="UTF-8"?>
<testng-results ignored="0" total="5" passed="5" failed="0" skipped="0">
  <reporter-output>
  </reporter-output>
  <suite started-at="2023-10-20T15:37:21 IST" name="Suite" finished-at="2023-10-20T15:37:28 IST" duration-ms="7374">
    <groups>
    </groups>
    <test started-at="2023-10-20T15:37:21 IST" name="Test" finished-at="2023-10-20T15:37:28 IST" duration-ms="7374">
      <class name="com.test.SampleTest">
        <test-method is-config="true" signature="setup()[pri:0, instance:com.test.SampleTest@673fdbce]" started-at="2023-10-20T15:37:12 IST" name="setup" finished-at="2023-10-20T15:37:21 IST" duration-ms="9199" status="PASS">
          <reporter-output>
          </reporter-output>
        </test-method> <!-- setup -->
        <test-method signature="login()[pri:0, instance:com.test.SampleTest@673fdbce]" started-at="2023-10-20T15:37:21 IST" name="login" finished-at="2023-10-20T15:37:26 IST" duration-ms="4990" status="PASS">
          <reporter-output>
          </reporter-output>
        </test-method> <!-- login -->
        <test-method signature="testcase1()[pri:1, instance:com.test.SampleTest@673fdbce]" started-at="2023-10-20T15:37:26 IST" name="testcase1" finished-at="2023-10-20T15:37:26 IST" duration-ms="146" status="PASS">
          <reporter-output>
          </reporter-output>
        </test-method> <!-- testcase1 -->
        <test-method signature="testcase2()[pri:2, instance:com.test.SampleTest@673fdbce]" started-at="2023-10-20T15:37:26 IST" name="testcase2" finished-at="2023-10-20T15:37:26 IST" duration-ms="72" status="PASS">
          <reporter-output>
          </reporter-output>
        </test-method> <!-- testcase2 -->
        <test-method signature="testcase3()[pri:3, instance:com.test.SampleTest@673fdbce]" started-at="2023-10-20T15:37:26 IST" name="testcase3" finished-at="2023-10-20T15:37:28 IST" duration-ms="2048" status="PASS">
          <reporter-output>
          </reporter-output>
        </test-method> <!-- testcase3 -->
        <test-method signature="testcase4()[pri:4, instance:com.test.SampleTest@673fdbce]" started-at="2023-10-20T15:37:28 IST" name="testcase4" finished-at="2023-10-20T15:37:28 IST" duration-ms="22" status="PASS">
          <reporter-output>
          </reporter-output>
        </test-method> <!-- testcase4 -->
        <test-method is-config="true" signature="tearup()[pri:0, instance:com.test.SampleTest@673fdbce]" started-at="2023-10-20T15:37:28 IST" name="tearup" finished-at="2023-10-20T15:37:30 IST" duration-ms="1156" status="PASS">
          <reporter-output>
          </reporter-output>
        </test-method> <!-- tearup -->
      </class> <!-- com.test.SampleTest -->
    </test> <!-- Test -->
  </suite> <!-- Suite -->
</testng-results>
